Flutter crash report.
Please report a bug at https://github.com/flutter/flutter/issues.

## command

flutter run

## exception

RPCError: ext.flutter.debugPaint: (-32603) ext.flutter.debugPaint: Unexpected error from chrome devtools:
text: Uncaught (in promise)
exception:
  description: null
  type: string
  value: Unexpected null value.
attempted JS eval: `require("dart_sdk").developer.invokeExtension(
    "ext.flutter.debugPaint", JSON.stringify({}));
`

#0      handleErrorIfPresent (package:dwds/src/utilities/shared.dart:97:5)
#1      ChromeProxyService.callServiceExtension (package:dwds/src/services/chrome_proxy_service.dart:351:5)
<asynchronous suspension>
#2      StackZoneSpecification._registerUnaryCallback.<anonymous closure> (package:stack_trace/src/stack_zone_specification.dart:125:47)
<asynchronous suspension>


```
#0      new _OutstandingRequest (package:vm_service/src/vm_service.dart:1718:45)
#1      VmService._call (package:vm_service/src/vm_service.dart:2225:21)
#2      VmService.callServiceExtension (package:vm_service/src/vm_service.dart:2196:14)
#3      FlutterVmService._checkedCallServiceExtension (package:flutter_tools/src/vmservice.dart:776:28)
#4      FlutterVmService.invokeFlutterExtensionRpcRaw (package:flutter_tools/src/vmservice.dart:795:49)
#5      FlutterVmService._flutterToggle (package:flutter_tools/src/vmservice.dart:598:41)
#6      FlutterVmService.flutterToggleDebugPaintSizeEnabled (package:flutter_tools/src/vmservice.dart:617:9)
#7      ResidentHandlers.debugToggleDebugPaintSizeEnabled (package:flutter_tools/src/resident_runner.dart:736:32)
<asynchronous suspension>
#8      TerminalHandler.processTerminalInput (package:flutter_tools/src/resident_runner.dart:1680:7)
<asynchronous suspension>
```

## flutter doctor

```
[✓] Flutter (Channel stable, 2.10.4, on macOS 12.0.1 21A559 darwin-arm, locale
    en-PH)
    • Flutter version 2.10.4 at /Users/chio/development/flutter
    • Upstream repository https://github.com/flutter/flutter.git
    • Framework revision c860cba910 (8 weeks ago), 2022-03-25 00:23:12 -0500
    • Engine revision 57d3bac3dd
    • Dart version 2.16.2
    • DevTools version 2.9.2

[✓] Android toolchain - develop for Android devices (Android SDK version
    32.1.0-rc1)
    • Android SDK at /Users/chio/Library/Android/sdk
    • Platform android-32, build-tools 32.1.0-rc1
    • Java binary at: /Applications/Android
      Studio.app/Contents/jre/Contents/Home/bin/java
    • Java version OpenJDK Runtime Environment (build 11.0.11+0-b60-7772763)
    • All Android licenses accepted.

[✓] Xcode - develop for iOS and macOS (Xcode 13.2.1)
    • Xcode at /Applications/Xcode.app/Contents/Developer
    • CocoaPods version 1.11.3

[✓] Chrome - develop for the web
    • Chrome at /Applications/Google Chrome.app/Contents/MacOS/Google Chrome

[✓] Android Studio (version 2021.1)
    • Android Studio at /Applications/Android Studio.app/Contents
    • Flutter plugin can be installed from:
      🔨 https://plugins.jetbrains.com/plugin/9212-flutter
    • Dart plugin can be installed from:
      🔨 https://plugins.jetbrains.com/plugin/6351-dart
    • Java version OpenJDK Runtime Environment (build 11.0.11+0-b60-7772763)

[✓] VS Code (version 1.65.2)
    • VS Code at /Users/chio/Downloads/Visual Studio Code-2.app/Contents
    • Flutter extension version 3.40.0

[✓] VS Code (version 1.64.2)
    • VS Code at /Users/chio/Downloads/Visual Studio Code.app/Contents
    • Flutter extension version 3.40.0

[✓] Connected device (1 available)
    • Chrome (web) • chrome • web-javascript • Google Chrome 101.0.4951.64
    ! Error: Failed to prepare device for development. Please unlock and
      reconnect the device. (code 806)

[!] HTTP Host Availability
    ✗ HTTP host https://cloud.google.com/ is not reachable. Reason: Failed to
      connect to https://cloud.google.com/ in seconds

! Doctor found issues in 1 category.
```
